[2024-11-08 22:25:07,674] - INFO - [34)] : read case ...
[2024-11-08 22:25:07,694] - INFO - [36)] : read image .... 
[2024-11-08 22:25:07,707] - INFO - [39)] : read pdf ......
[2024-11-08 22:25:07,716] - INFO - [42)] : merge data ........
[2024-11-08 22:25:07,716] - INFO - [45)] : data integrity check ........
[2024-11-08 22:25:07,716] - INFO - [26)] : ComparisonOperation Constructor
[2024-11-08 22:25:07,716] - INFO - [26)] : ============ Compare Begin ===============
[2024-11-08 22:25:07,716] - INFO - [120)] : @########@ Compare：A4.1.jpg--------------------------------
[2024-11-08 22:25:07,716] - INFO - [32)] : ------ [ bit_depth_check ] ------
[2024-11-08 22:25:07,716] - INFO - [33)] : actual_bit_depth：24 & expected_bit_depth：24
[2024-11-08 22:25:07,718] - INFO - [46)] : ------ [ dpi_check ] ------
[2024-11-08 22:25:07,718] - INFO - [47)] : actual_dpi：(300, 300) & expected_dpi：300
[2024-11-08 22:25:07,718] - INFO - [61)] : ------ [ width_height_pixel_check ] ------
[2024-11-08 22:25:07,718] - INFO - [85)] : width = = = > min_error_range：2362.89，max_error_range)：2599.11，actual_val:2448，expected_val:2481.0
[2024-11-08 22:25:07,718] - INFO - [85)] : height = = = > min_error_range：3388.89，max_error_range)：3625.11，actual_val:3447，expected_val:3507.0
[2024-11-08 22:25:07,718] - INFO - [94)] : ------ [ similarity_calculation ] ------
[2024-11-08 22:25:08,913] - INFO - [110)] : image high similarity
[2024-11-08 22:25:08,913] - INFO - [36)] : result：Pass
[2024-11-08 22:25:08,913] - INFO - [120)] : @########@ Compare：A4.2.jpg--------------------------------
[2024-11-08 22:25:08,914] - INFO - [32)] : ------ [ bit_depth_check ] ------
[2024-11-08 22:25:08,914] - INFO - [33)] : actual_bit_depth：24 & expected_bit_depth：24
[2024-11-08 22:25:08,914] - INFO - [46)] : ------ [ dpi_check ] ------
[2024-11-08 22:25:08,914] - INFO - [47)] : actual_dpi：(300, 300) & expected_dpi：300
[2024-11-08 22:25:08,914] - INFO - [61)] : ------ [ width_height_pixel_check ] ------
[2024-11-08 22:25:08,914] - INFO - [85)] : width = = = > min_error_range：2362.89，max_error_range)：2599.11，actual_val:2448，expected_val:2481.0
[2024-11-08 22:25:08,914] - INFO - [85)] : height = = = > min_error_range：3388.89，max_error_range)：3625.11，actual_val:3447，expected_val:3507.0
[2024-11-08 22:25:08,914] - INFO - [94)] : ------ [ similarity_calculation ] ------
[2024-11-08 22:25:09,844] - INFO - [110)] : image high similarity
[2024-11-08 22:25:09,844] - INFO - [36)] : result：Pass
[2024-11-08 22:25:09,844] - INFO - [44)] : @@@@@@@@@@@@@@@@@ [ duplex scanning ] @@@@@@@@@@@@@@@@@
[2024-11-08 22:25:09,844] - INFO - [120)] : @########@ Compare：A4.3.jpg--------------------------------
[2024-11-08 22:25:09,845] - INFO - [32)] : ------ [ bit_depth_check ] ------
[2024-11-08 22:25:09,845] - INFO - [33)] : actual_bit_depth：24 & expected_bit_depth：24
[2024-11-08 22:25:09,845] - INFO - [46)] : ------ [ dpi_check ] ------
[2024-11-08 22:25:09,845] - INFO - [47)] : actual_dpi：(600, 600) & expected_dpi：600
[2024-11-08 22:25:09,845] - INFO - [61)] : ------ [ width_height_pixel_check ] ------
[2024-11-08 22:25:09,845] - INFO - [85)] : width = = = > min_error_range：4725.78，max_error_range)：5198.22，actual_val:4912，expected_val:4962.0
[2024-11-08 22:25:09,845] - INFO - [85)] : height = = = > min_error_range：6777.78，max_error_range)：7250.22，actual_val:6894，expected_val:7014.0
[2024-11-08 22:25:09,845] - INFO - [94)] : ------ [ similarity_calculation ] ------
[2024-11-08 22:25:12,316] - INFO - [110)] : image high similarity
[2024-11-08 22:25:12,316] - INFO - [120)] : @########@ Compare：A4.4.jpg--------------------------------
[2024-11-08 22:25:12,316] - INFO - [32)] : ------ [ bit_depth_check ] ------
[2024-11-08 22:25:12,316] - INFO - [33)] : actual_bit_depth：24 & expected_bit_depth：24
[2024-11-08 22:25:12,316] - INFO - [46)] : ------ [ dpi_check ] ------
[2024-11-08 22:25:12,316] - INFO - [47)] : actual_dpi：(600, 600) & expected_dpi：600
[2024-11-08 22:25:12,316] - INFO - [61)] : ------ [ width_height_pixel_check ] ------
[2024-11-08 22:25:12,316] - INFO - [85)] : width = = = > min_error_range：4725.78，max_error_range)：5198.22，actual_val:4912，expected_val:4962.0
[2024-11-08 22:25:12,316] - INFO - [85)] : height = = = > min_error_range：6777.78，max_error_range)：7250.22，actual_val:6894，expected_val:7014.0
[2024-11-08 22:25:12,316] - INFO - [94)] : ------ [ similarity_calculation ] ------
[2024-11-08 22:25:14,799] - INFO - [110)] : image high similarity
[2024-11-08 22:25:14,799] - INFO - [36)] : result：Pass
[2024-11-08 22:25:14,827] - INFO - [39)] : ============ Compare End ===============
